running egg_info
writing ../../build/depth_anything_v2_ros2/depth_anything_v2_ros2.egg-info/PKG-INFO
writing dependency_links to ../../build/depth_anything_v2_ros2/depth_anything_v2_ros2.egg-info/dependency_links.txt
writing entry points to ../../build/depth_anything_v2_ros2/depth_anything_v2_ros2.egg-info/entry_points.txt
writing requirements to ../../build/depth_anything_v2_ros2/depth_anything_v2_ros2.egg-info/requires.txt
writing top-level names to ../../build/depth_anything_v2_ros2/depth_anything_v2_ros2.egg-info/top_level.txt
reading manifest file '../../build/depth_anything_v2_ros2/depth_anything_v2_ros2.egg-info/SOURCES.txt'
adding license file 'LICENSE'
writing manifest file '../../build/depth_anything_v2_ros2/depth_anything_v2_ros2.egg-info/SOURCES.txt'
running build
running build_py
running install
running install_lib
running install_data
running install_egg_info
removing '/home/li/depth_ws/install/depth_anything_v2_ros2/lib/python3.10/site-packages/depth_anything_v2_ros2-1.0.0-py3.10.egg-info' (and everything under it)
Copying ../../build/depth_anything_v2_ros2/depth_anything_v2_ros2.egg-info to /home/li/depth_ws/install/depth_anything_v2_ros2/lib/python3.10/site-packages/depth_anything_v2_ros2-1.0.0-py3.10.egg-info
running install_scripts
Installing depth_anything_v2_ros2 script to /home/li/depth_ws/install/depth_anything_v2_ros2/lib/depth_anything_v2_ros2
writing list of installed files to '/home/li/depth_ws/build/depth_anything_v2_ros2/install.log'
