[0.320s] Invoking command in '/home/li/depth_ws/build/depth_anything_ros': PYTHONPATH=/home/li/depth_ws/build/depth_anything_ros/prefix_override:/usr/lib/python3/dist-packages/colcon_core/task/python/colcon_distutils_commands:/home/li/depth_ws/install/depth_anything_ros/lib/python3.10/site-packages:${PYTHONPATH} /usr/bin/python3 -W ignore:setup.py install is deprecated -W ignore:easy_install command is deprecated setup.py develop --editable --build-directory /home/li/depth_ws/build/depth_anything_ros/build --no-deps symlink_data
[0.456s] running develop
[0.530s] running egg_info
[0.530s] creating depth_anything_ros.egg-info
[0.530s] writing depth_anything_ros.egg-info/PKG-INFO
[0.530s] writing dependency_links to depth_anything_ros.egg-info/dependency_links.txt
[0.531s] writing entry points to depth_anything_ros.egg-info/entry_points.txt
[0.531s] writing requirements to depth_anything_ros.egg-info/requires.txt
[0.531s] writing top-level names to depth_anything_ros.egg-info/top_level.txt
[0.531s] writing manifest file 'depth_anything_ros.egg-info/SOURCES.txt'
[0.532s] reading manifest file 'depth_anything_ros.egg-info/SOURCES.txt'
[0.532s] writing manifest file 'depth_anything_ros.egg-info/SOURCES.txt'
[0.533s] running build_ext
[0.533s] Creating /home/li/depth_ws/install/depth_anything_ros/lib/python3.10/site-packages/depth-anything-ros.egg-link (link to .)
[0.533s] Installing depth_anything_node script to /home/li/depth_ws/install/depth_anything_ros/lib/depth_anything_ros
[0.533s] 
[0.533s] Installed /home/li/depth_ws/build/depth_anything_ros
[0.533s] running symlink_data
[0.533s] creating /home/li/depth_ws/install/depth_anything_ros/share/ament_index
[0.533s] creating /home/li/depth_ws/install/depth_anything_ros/share/ament_index/resource_index
[0.534s] creating /home/li/depth_ws/install/depth_anything_ros/share/ament_index/resource_index/packages
[0.534s] symbolically linking /home/li/depth_ws/build/depth_anything_ros/resource/depth_anything_ros -> /home/li/depth_ws/install/depth_anything_ros/share/ament_index/resource_index/packages
[0.534s] symbolically linking /home/li/depth_ws/build/depth_anything_ros/package.xml -> /home/li/depth_ws/install/depth_anything_ros/share/depth_anything_ros
[0.549s] Invoked command in '/home/li/depth_ws/build/depth_anything_ros' returned '0': PYTHONPATH=/home/li/depth_ws/build/depth_anything_ros/prefix_override:/usr/lib/python3/dist-packages/colcon_core/task/python/colcon_distutils_commands:/home/li/depth_ws/install/depth_anything_ros/lib/python3.10/site-packages:${PYTHONPATH} /usr/bin/python3 -W ignore:setup.py install is deprecated -W ignore:easy_install command is deprecated setup.py develop --editable --build-directory /home/li/depth_ws/build/depth_anything_ros/build --no-deps symlink_data
