running develop
Removing /home/li/depth_ws/install/depth_anything_v2_ros2/lib/python3.10/site-packages/depth-anything-v2-ros2.egg-link (link to .)
running egg_info
writing ../../build/depth_anything_v2_ros2/depth_anything_v2_ros2.egg-info/PKG-INFO
writing dependency_links to ../../build/depth_anything_v2_ros2/depth_anything_v2_ros2.egg-info/dependency_links.txt
writing entry points to ../../build/depth_anything_v2_ros2/depth_anything_v2_ros2.egg-info/entry_points.txt
writing requirements to ../../build/depth_anything_v2_ros2/depth_anything_v2_ros2.egg-info/requires.txt
writing top-level names to ../../build/depth_anything_v2_ros2/depth_anything_v2_ros2.egg-info/top_level.txt
reading manifest file '../../build/depth_anything_v2_ros2/depth_anything_v2_ros2.egg-info/SOURCES.txt'
adding license file 'LICENSE'
writing manifest file '../../build/depth_anything_v2_ros2/depth_anything_v2_ros2.egg-info/SOURCES.txt'
running build
running build_py
creating /home/li/depth_ws/build/depth_anything_v2_ros2/build
creating /home/li/depth_ws/build/depth_anything_v2_ros2/build/lib
creating /home/li/depth_ws/build/depth_anything_v2_ros2/build/lib/depth_anything_v2_ros2
copying depth_anything_v2_ros2/__init__.py -> /home/li/depth_ws/build/depth_anything_v2_ros2/build/lib/depth_anything_v2_ros2
copying depth_anything_v2_ros2/depth_anything_v2_ros2.py -> /home/li/depth_ws/build/depth_anything_v2_ros2/build/lib/depth_anything_v2_ros2
running install
running install_lib
creating /home/li/depth_ws/install/depth_anything_v2_ros2/lib/python3.10/site-packages/depth_anything_v2_ros2
copying /home/li/depth_ws/build/depth_anything_v2_ros2/build/lib/depth_anything_v2_ros2/__init__.py -> /home/li/depth_ws/install/depth_anything_v2_ros2/lib/python3.10/site-packages/depth_anything_v2_ros2
copying /home/li/depth_ws/build/depth_anything_v2_ros2/build/lib/depth_anything_v2_ros2/depth_anything_v2_ros2.py -> /home/li/depth_ws/install/depth_anything_v2_ros2/lib/python3.10/site-packages/depth_anything_v2_ros2
byte-compiling /home/li/depth_ws/install/depth_anything_v2_ros2/lib/python3.10/site-packages/depth_anything_v2_ros2/__init__.py to __init__.cpython-310.pyc
byte-compiling /home/li/depth_ws/install/depth_anything_v2_ros2/lib/python3.10/site-packages/depth_anything_v2_ros2/depth_anything_v2_ros2.py to depth_anything_v2_ros2.cpython-310.pyc
running install_data
copying resource/depth_anything_v2_ros2 -> /home/li/depth_ws/install/depth_anything_v2_ros2/share/ament_index/resource_index/packages
copying package.xml -> /home/li/depth_ws/install/depth_anything_v2_ros2/share/depth_anything_v2_ros2
copying launch/default.launch.py -> /home/li/depth_ws/install/depth_anything_v2_ros2/share/depth_anything_v2_ros2/launch
copying config/params.yaml -> /home/li/depth_ws/install/depth_anything_v2_ros2/share/depth_anything_v2_ros2/config
running install_egg_info
Copying ../../build/depth_anything_v2_ros2/depth_anything_v2_ros2.egg-info to /home/li/depth_ws/install/depth_anything_v2_ros2/lib/python3.10/site-packages/depth_anything_v2_ros2-1.0.0-py3.10.egg-info
running install_scripts
Installing depth_anything_v2_ros2 script to /home/li/depth_ws/install/depth_anything_v2_ros2/lib/depth_anything_v2_ros2
writing list of installed files to '/home/li/depth_ws/build/depth_anything_v2_ros2/install.log'
