[0.507s] Invoking command in '/home/li/depth_ws/build/depth_anything_v2_ros2': PYTHONPATH=/home/li/depth_ws/build/depth_anything_v2_ros2/prefix_override:/usr/lib/python3/dist-packages/colcon_core/task/python/colcon_distutils_commands:/home/li/depth_ws/install/depth_anything_v2_ros2/lib/python3.10/site-packages:${PYTHONPATH} /usr/bin/python3 -W ignore:setup.py install is deprecated -W ignore:easy_install command is deprecated setup.py develop --uninstall --editable --build-directory /home/li/depth_ws/build/depth_anything_v2_ros2/build
[0.655s] running develop
[0.739s] Removing /home/li/depth_ws/install/depth_anything_v2_ros2/lib/python3.10/site-packages/depth-anything-v2-ros2.egg-link (link to .)
[0.758s] Invoked command in '/home/li/depth_ws/build/depth_anything_v2_ros2' returned '0': PYTHONPATH=/home/li/depth_ws/build/depth_anything_v2_ros2/prefix_override:/usr/lib/python3/dist-packages/colcon_core/task/python/colcon_distutils_commands:/home/li/depth_ws/install/depth_anything_v2_ros2/lib/python3.10/site-packages:${PYTHONPATH} /usr/bin/python3 -W ignore:setup.py install is deprecated -W ignore:easy_install command is deprecated setup.py develop --uninstall --editable --build-directory /home/li/depth_ws/build/depth_anything_v2_ros2/build
[0.759s] Invoking command in '/home/li/depth_ws/src/depth_anything_v2_ros2': PYTHONPATH=/home/li/depth_ws/build/depth_anything_v2_ros2/prefix_override:/usr/lib/python3/dist-packages/colcon_core/task/python/colcon_distutils_commands:/home/li/depth_ws/install/depth_anything_v2_ros2/lib/python3.10/site-packages:${PYTHONPATH} /usr/bin/python3 -W ignore:setup.py install is deprecated -W ignore:easy_install command is deprecated setup.py egg_info --egg-base ../../build/depth_anything_v2_ros2 build --build-base /home/li/depth_ws/build/depth_anything_v2_ros2/build install --record /home/li/depth_ws/build/depth_anything_v2_ros2/install.log --single-version-externally-managed install_data --force
[0.894s] running egg_info
[0.895s] writing ../../build/depth_anything_v2_ros2/depth_anything_v2_ros2.egg-info/PKG-INFO
[0.895s] writing dependency_links to ../../build/depth_anything_v2_ros2/depth_anything_v2_ros2.egg-info/dependency_links.txt
[0.895s] writing entry points to ../../build/depth_anything_v2_ros2/depth_anything_v2_ros2.egg-info/entry_points.txt
[0.895s] writing requirements to ../../build/depth_anything_v2_ros2/depth_anything_v2_ros2.egg-info/requires.txt
[0.895s] writing top-level names to ../../build/depth_anything_v2_ros2/depth_anything_v2_ros2.egg-info/top_level.txt
[0.896s] reading manifest file '../../build/depth_anything_v2_ros2/depth_anything_v2_ros2.egg-info/SOURCES.txt'
[0.900s] adding license file 'LICENSE'
[0.900s] writing manifest file '../../build/depth_anything_v2_ros2/depth_anything_v2_ros2.egg-info/SOURCES.txt'
[0.900s] running build
[0.900s] running build_py
[0.901s] creating /home/li/depth_ws/build/depth_anything_v2_ros2/build
[0.901s] creating /home/li/depth_ws/build/depth_anything_v2_ros2/build/lib
[0.901s] creating /home/li/depth_ws/build/depth_anything_v2_ros2/build/lib/depth_anything_v2_ros2
[0.901s] copying depth_anything_v2_ros2/__init__.py -> /home/li/depth_ws/build/depth_anything_v2_ros2/build/lib/depth_anything_v2_ros2
[0.901s] copying depth_anything_v2_ros2/depth_anything_v2_ros2.py -> /home/li/depth_ws/build/depth_anything_v2_ros2/build/lib/depth_anything_v2_ros2
[0.901s] running install
[0.901s] running install_lib
[0.901s] creating /home/li/depth_ws/install/depth_anything_v2_ros2/lib/python3.10/site-packages/depth_anything_v2_ros2
[0.901s] copying /home/li/depth_ws/build/depth_anything_v2_ros2/build/lib/depth_anything_v2_ros2/__init__.py -> /home/li/depth_ws/install/depth_anything_v2_ros2/lib/python3.10/site-packages/depth_anything_v2_ros2
[0.901s] copying /home/li/depth_ws/build/depth_anything_v2_ros2/build/lib/depth_anything_v2_ros2/depth_anything_v2_ros2.py -> /home/li/depth_ws/install/depth_anything_v2_ros2/lib/python3.10/site-packages/depth_anything_v2_ros2
[0.902s] byte-compiling /home/li/depth_ws/install/depth_anything_v2_ros2/lib/python3.10/site-packages/depth_anything_v2_ros2/__init__.py to __init__.cpython-310.pyc
[0.902s] byte-compiling /home/li/depth_ws/install/depth_anything_v2_ros2/lib/python3.10/site-packages/depth_anything_v2_ros2/depth_anything_v2_ros2.py to depth_anything_v2_ros2.cpython-310.pyc
[0.903s] running install_data
[0.903s] copying resource/depth_anything_v2_ros2 -> /home/li/depth_ws/install/depth_anything_v2_ros2/share/ament_index/resource_index/packages
[0.903s] copying package.xml -> /home/li/depth_ws/install/depth_anything_v2_ros2/share/depth_anything_v2_ros2
[0.903s] copying launch/default.launch.py -> /home/li/depth_ws/install/depth_anything_v2_ros2/share/depth_anything_v2_ros2/launch
[0.904s] copying config/params.yaml -> /home/li/depth_ws/install/depth_anything_v2_ros2/share/depth_anything_v2_ros2/config
[0.904s] running install_egg_info
[0.905s] Copying ../../build/depth_anything_v2_ros2/depth_anything_v2_ros2.egg-info to /home/li/depth_ws/install/depth_anything_v2_ros2/lib/python3.10/site-packages/depth_anything_v2_ros2-1.0.0-py3.10.egg-info
[0.905s] running install_scripts
[0.918s] Installing depth_anything_v2_ros2 script to /home/li/depth_ws/install/depth_anything_v2_ros2/lib/depth_anything_v2_ros2
[0.918s] writing list of installed files to '/home/li/depth_ws/build/depth_anything_v2_ros2/install.log'
[0.934s] Invoked command in '/home/li/depth_ws/src/depth_anything_v2_ros2' returned '0': PYTHONPATH=/home/li/depth_ws/build/depth_anything_v2_ros2/prefix_override:/usr/lib/python3/dist-packages/colcon_core/task/python/colcon_distutils_commands:/home/li/depth_ws/install/depth_anything_v2_ros2/lib/python3.10/site-packages:${PYTHONPATH} /usr/bin/python3 -W ignore:setup.py install is deprecated -W ignore:easy_install command is deprecated setup.py egg_info --egg-base ../../build/depth_anything_v2_ros2 build --build-base /home/li/depth_ws/build/depth_anything_v2_ros2/build install --record /home/li/depth_ws/build/depth_anything_v2_ros2/install.log --single-version-externally-managed install_data --force
