running develop
Removing /home/li/depth_ws/install/depth_anything_ros/lib/python3.10/site-packages/depth-anything-ros.egg-link (link to .)
running egg_info
writing ../../build/depth_anything_ros/depth_anything_ros.egg-info/PKG-INFO
writing dependency_links to ../../build/depth_anything_ros/depth_anything_ros.egg-info/dependency_links.txt
writing entry points to ../../build/depth_anything_ros/depth_anything_ros.egg-info/entry_points.txt
writing requirements to ../../build/depth_anything_ros/depth_anything_ros.egg-info/requires.txt
writing top-level names to ../../build/depth_anything_ros/depth_anything_ros.egg-info/top_level.txt
reading manifest file '../../build/depth_anything_ros/depth_anything_ros.egg-info/SOURCES.txt'
writing manifest file '../../build/depth_anything_ros/depth_anything_ros.egg-info/SOURCES.txt'
running build
running build_py
creating /home/li/depth_ws/build/depth_anything_ros/build
creating /home/li/depth_ws/build/depth_anything_ros/build/lib
creating /home/li/depth_ws/build/depth_anything_ros/build/lib/depth_anything_ros
copying depth_anything_ros/__init__.py -> /home/li/depth_ws/build/depth_anything_ros/build/lib/depth_anything_ros
copying depth_anything_ros/depth_anything_node.py -> /home/li/depth_ws/build/depth_anything_ros/build/lib/depth_anything_ros
creating /home/li/depth_ws/build/depth_anything_ros/build/lib/depth_anything_v2
copying depth_anything_v2/__init__.py -> /home/li/depth_ws/build/depth_anything_ros/build/lib/depth_anything_v2
copying depth_anything_v2/dpt.py -> /home/li/depth_ws/build/depth_anything_ros/build/lib/depth_anything_v2
copying depth_anything_v2/dinov2.py -> /home/li/depth_ws/build/depth_anything_ros/build/lib/depth_anything_v2
creating /home/li/depth_ws/build/depth_anything_ros/build/lib/depth_anything_v2/dinov2_layers
copying depth_anything_v2/dinov2_layers/__init__.py -> /home/li/depth_ws/build/depth_anything_ros/build/lib/depth_anything_v2/dinov2_layers
copying depth_anything_v2/dinov2_layers/patch_embed.py -> /home/li/depth_ws/build/depth_anything_ros/build/lib/depth_anything_v2/dinov2_layers
copying depth_anything_v2/dinov2_layers/swiglu_ffn.py -> /home/li/depth_ws/build/depth_anything_ros/build/lib/depth_anything_v2/dinov2_layers
copying depth_anything_v2/dinov2_layers/layer_scale.py -> /home/li/depth_ws/build/depth_anything_ros/build/lib/depth_anything_v2/dinov2_layers
copying depth_anything_v2/dinov2_layers/drop_path.py -> /home/li/depth_ws/build/depth_anything_ros/build/lib/depth_anything_v2/dinov2_layers
copying depth_anything_v2/dinov2_layers/block.py -> /home/li/depth_ws/build/depth_anything_ros/build/lib/depth_anything_v2/dinov2_layers
copying depth_anything_v2/dinov2_layers/mlp.py -> /home/li/depth_ws/build/depth_anything_ros/build/lib/depth_anything_v2/dinov2_layers
copying depth_anything_v2/dinov2_layers/attention.py -> /home/li/depth_ws/build/depth_anything_ros/build/lib/depth_anything_v2/dinov2_layers
running install
running install_lib
creating /home/li/depth_ws/install/depth_anything_ros/lib/python3.10/site-packages/depth_anything_ros
copying /home/li/depth_ws/build/depth_anything_ros/build/lib/depth_anything_ros/__init__.py -> /home/li/depth_ws/install/depth_anything_ros/lib/python3.10/site-packages/depth_anything_ros
copying /home/li/depth_ws/build/depth_anything_ros/build/lib/depth_anything_ros/depth_anything_node.py -> /home/li/depth_ws/install/depth_anything_ros/lib/python3.10/site-packages/depth_anything_ros
creating /home/li/depth_ws/install/depth_anything_ros/lib/python3.10/site-packages/depth_anything_v2
copying /home/li/depth_ws/build/depth_anything_ros/build/lib/depth_anything_v2/__init__.py -> /home/li/depth_ws/install/depth_anything_ros/lib/python3.10/site-packages/depth_anything_v2
creating /home/li/depth_ws/install/depth_anything_ros/lib/python3.10/site-packages/depth_anything_v2/dinov2_layers
copying /home/li/depth_ws/build/depth_anything_ros/build/lib/depth_anything_v2/dinov2_layers/__init__.py -> /home/li/depth_ws/install/depth_anything_ros/lib/python3.10/site-packages/depth_anything_v2/dinov2_layers
copying /home/li/depth_ws/build/depth_anything_ros/build/lib/depth_anything_v2/dinov2_layers/patch_embed.py -> /home/li/depth_ws/install/depth_anything_ros/lib/python3.10/site-packages/depth_anything_v2/dinov2_layers
copying /home/li/depth_ws/build/depth_anything_ros/build/lib/depth_anything_v2/dinov2_layers/swiglu_ffn.py -> /home/li/depth_ws/install/depth_anything_ros/lib/python3.10/site-packages/depth_anything_v2/dinov2_layers
copying /home/li/depth_ws/build/depth_anything_ros/build/lib/depth_anything_v2/dinov2_layers/layer_scale.py -> /home/li/depth_ws/install/depth_anything_ros/lib/python3.10/site-packages/depth_anything_v2/dinov2_layers
copying /home/li/depth_ws/build/depth_anything_ros/build/lib/depth_anything_v2/dinov2_layers/drop_path.py -> /home/li/depth_ws/install/depth_anything_ros/lib/python3.10/site-packages/depth_anything_v2/dinov2_layers
copying /home/li/depth_ws/build/depth_anything_ros/build/lib/depth_anything_v2/dinov2_layers/block.py -> /home/li/depth_ws/install/depth_anything_ros/lib/python3.10/site-packages/depth_anything_v2/dinov2_layers
copying /home/li/depth_ws/build/depth_anything_ros/build/lib/depth_anything_v2/dinov2_layers/mlp.py -> /home/li/depth_ws/install/depth_anything_ros/lib/python3.10/site-packages/depth_anything_v2/dinov2_layers
copying /home/li/depth_ws/build/depth_anything_ros/build/lib/depth_anything_v2/dinov2_layers/attention.py -> /home/li/depth_ws/install/depth_anything_ros/lib/python3.10/site-packages/depth_anything_v2/dinov2_layers
copying /home/li/depth_ws/build/depth_anything_ros/build/lib/depth_anything_v2/dpt.py -> /home/li/depth_ws/install/depth_anything_ros/lib/python3.10/site-packages/depth_anything_v2
copying /home/li/depth_ws/build/depth_anything_ros/build/lib/depth_anything_v2/dinov2.py -> /home/li/depth_ws/install/depth_anything_ros/lib/python3.10/site-packages/depth_anything_v2
byte-compiling /home/li/depth_ws/install/depth_anything_ros/lib/python3.10/site-packages/depth_anything_ros/__init__.py to __init__.cpython-310.pyc
byte-compiling /home/li/depth_ws/install/depth_anything_ros/lib/python3.10/site-packages/depth_anything_ros/depth_anything_node.py to depth_anything_node.cpython-310.pyc
byte-compiling /home/li/depth_ws/install/depth_anything_ros/lib/python3.10/site-packages/depth_anything_v2/__init__.py to __init__.cpython-310.pyc
byte-compiling /home/li/depth_ws/install/depth_anything_ros/lib/python3.10/site-packages/depth_anything_v2/dinov2_layers/__init__.py to __init__.cpython-310.pyc
byte-compiling /home/li/depth_ws/install/depth_anything_ros/lib/python3.10/site-packages/depth_anything_v2/dinov2_layers/patch_embed.py to patch_embed.cpython-310.pyc
byte-compiling /home/li/depth_ws/install/depth_anything_ros/lib/python3.10/site-packages/depth_anything_v2/dinov2_layers/swiglu_ffn.py to swiglu_ffn.cpython-310.pyc
byte-compiling /home/li/depth_ws/install/depth_anything_ros/lib/python3.10/site-packages/depth_anything_v2/dinov2_layers/layer_scale.py to layer_scale.cpython-310.pyc
byte-compiling /home/li/depth_ws/install/depth_anything_ros/lib/python3.10/site-packages/depth_anything_v2/dinov2_layers/drop_path.py to drop_path.cpython-310.pyc
byte-compiling /home/li/depth_ws/install/depth_anything_ros/lib/python3.10/site-packages/depth_anything_v2/dinov2_layers/block.py to block.cpython-310.pyc
byte-compiling /home/li/depth_ws/install/depth_anything_ros/lib/python3.10/site-packages/depth_anything_v2/dinov2_layers/mlp.py to mlp.cpython-310.pyc
byte-compiling /home/li/depth_ws/install/depth_anything_ros/lib/python3.10/site-packages/depth_anything_v2/dinov2_layers/attention.py to attention.cpython-310.pyc
byte-compiling /home/li/depth_ws/install/depth_anything_ros/lib/python3.10/site-packages/depth_anything_v2/dpt.py to dpt.cpython-310.pyc
byte-compiling /home/li/depth_ws/install/depth_anything_ros/lib/python3.10/site-packages/depth_anything_v2/dinov2.py to dinov2.cpython-310.pyc
running install_data
copying resource/depth_anything_ros -> /home/li/depth_ws/install/depth_anything_ros/share/ament_index/resource_index/packages
copying package.xml -> /home/li/depth_ws/install/depth_anything_ros/share/depth_anything_ros
copying launch/depth.launch.py -> /home/li/depth_ws/install/depth_anything_ros/share/depth_anything_ros/launch
running install_egg_info
Copying ../../build/depth_anything_ros/depth_anything_ros.egg-info to /home/li/depth_ws/install/depth_anything_ros/lib/python3.10/site-packages/depth_anything_ros-0.0.0-py3.10.egg-info
running install_scripts
Installing depth_anything_node script to /home/li/depth_ws/install/depth_anything_ros/lib/depth_anything_ros
writing list of installed files to '/home/li/depth_ws/build/depth_anything_ros/install.log'
