[0.514s] Invoking command in '/home/li/depth_ws/build/depth_anything_ros': PYTHONPATH=/home/li/depth_ws/build/depth_anything_ros/prefix_override:/usr/lib/python3/dist-packages/colcon_core/task/python/colcon_distutils_commands:/home/li/depth_ws/install/depth_anything_ros/lib/python3.10/site-packages:${PYTHONPATH} /usr/bin/python3 -W ignore:setup.py install is deprecated -W ignore:easy_install command is deprecated setup.py develop --uninstall --editable --build-directory /home/li/depth_ws/build/depth_anything_ros/build
[0.659s] running develop
[0.745s] Removing /home/li/depth_ws/install/depth_anything_ros/lib/python3.10/site-packages/depth-anything-ros.egg-link (link to .)
[0.765s] Invoked command in '/home/li/depth_ws/build/depth_anything_ros' returned '0': PYTHONPATH=/home/li/depth_ws/build/depth_anything_ros/prefix_override:/usr/lib/python3/dist-packages/colcon_core/task/python/colcon_distutils_commands:/home/li/depth_ws/install/depth_anything_ros/lib/python3.10/site-packages:${PYTHONPATH} /usr/bin/python3 -W ignore:setup.py install is deprecated -W ignore:easy_install command is deprecated setup.py develop --uninstall --editable --build-directory /home/li/depth_ws/build/depth_anything_ros/build
[0.766s] Invoking command in '/home/li/depth_ws/src/depth_anything_ros': PYTHONPATH=/home/li/depth_ws/build/depth_anything_ros/prefix_override:/usr/lib/python3/dist-packages/colcon_core/task/python/colcon_distutils_commands:/home/li/depth_ws/install/depth_anything_ros/lib/python3.10/site-packages:${PYTHONPATH} /usr/bin/python3 -W ignore:setup.py install is deprecated -W ignore:easy_install command is deprecated setup.py egg_info --egg-base ../../build/depth_anything_ros build --build-base /home/li/depth_ws/build/depth_anything_ros/build install --record /home/li/depth_ws/build/depth_anything_ros/install.log --single-version-externally-managed install_data --force
[0.899s] running egg_info
[0.900s] writing ../../build/depth_anything_ros/depth_anything_ros.egg-info/PKG-INFO
[0.900s] writing dependency_links to ../../build/depth_anything_ros/depth_anything_ros.egg-info/dependency_links.txt
[0.900s] writing entry points to ../../build/depth_anything_ros/depth_anything_ros.egg-info/entry_points.txt
[0.900s] writing requirements to ../../build/depth_anything_ros/depth_anything_ros.egg-info/requires.txt
[0.900s] writing top-level names to ../../build/depth_anything_ros/depth_anything_ros.egg-info/top_level.txt
[0.901s] reading manifest file '../../build/depth_anything_ros/depth_anything_ros.egg-info/SOURCES.txt'
[0.905s] writing manifest file '../../build/depth_anything_ros/depth_anything_ros.egg-info/SOURCES.txt'
[0.905s] running build
[0.905s] running build_py
[0.905s] creating /home/li/depth_ws/build/depth_anything_ros/build
[0.905s] creating /home/li/depth_ws/build/depth_anything_ros/build/lib
[0.905s] creating /home/li/depth_ws/build/depth_anything_ros/build/lib/depth_anything_ros
[0.905s] copying depth_anything_ros/__init__.py -> /home/li/depth_ws/build/depth_anything_ros/build/lib/depth_anything_ros
[0.906s] copying depth_anything_ros/depth_anything_node.py -> /home/li/depth_ws/build/depth_anything_ros/build/lib/depth_anything_ros
[0.906s] creating /home/li/depth_ws/build/depth_anything_ros/build/lib/depth_anything_v2
[0.906s] copying depth_anything_v2/__init__.py -> /home/li/depth_ws/build/depth_anything_ros/build/lib/depth_anything_v2
[0.906s] copying depth_anything_v2/dpt.py -> /home/li/depth_ws/build/depth_anything_ros/build/lib/depth_anything_v2
[0.906s] copying depth_anything_v2/dinov2.py -> /home/li/depth_ws/build/depth_anything_ros/build/lib/depth_anything_v2
[0.906s] creating /home/li/depth_ws/build/depth_anything_ros/build/lib/depth_anything_v2/dinov2_layers
[0.906s] copying depth_anything_v2/dinov2_layers/__init__.py -> /home/li/depth_ws/build/depth_anything_ros/build/lib/depth_anything_v2/dinov2_layers
[0.906s] copying depth_anything_v2/dinov2_layers/patch_embed.py -> /home/li/depth_ws/build/depth_anything_ros/build/lib/depth_anything_v2/dinov2_layers
[0.906s] copying depth_anything_v2/dinov2_layers/swiglu_ffn.py -> /home/li/depth_ws/build/depth_anything_ros/build/lib/depth_anything_v2/dinov2_layers
[0.906s] copying depth_anything_v2/dinov2_layers/layer_scale.py -> /home/li/depth_ws/build/depth_anything_ros/build/lib/depth_anything_v2/dinov2_layers
[0.906s] copying depth_anything_v2/dinov2_layers/drop_path.py -> /home/li/depth_ws/build/depth_anything_ros/build/lib/depth_anything_v2/dinov2_layers
[0.906s] copying depth_anything_v2/dinov2_layers/block.py -> /home/li/depth_ws/build/depth_anything_ros/build/lib/depth_anything_v2/dinov2_layers
[0.906s] copying depth_anything_v2/dinov2_layers/mlp.py -> /home/li/depth_ws/build/depth_anything_ros/build/lib/depth_anything_v2/dinov2_layers
[0.906s] copying depth_anything_v2/dinov2_layers/attention.py -> /home/li/depth_ws/build/depth_anything_ros/build/lib/depth_anything_v2/dinov2_layers
[0.906s] running install
[0.906s] running install_lib
[0.907s] creating /home/li/depth_ws/install/depth_anything_ros/lib/python3.10/site-packages/depth_anything_ros
[0.907s] copying /home/li/depth_ws/build/depth_anything_ros/build/lib/depth_anything_ros/__init__.py -> /home/li/depth_ws/install/depth_anything_ros/lib/python3.10/site-packages/depth_anything_ros
[0.907s] copying /home/li/depth_ws/build/depth_anything_ros/build/lib/depth_anything_ros/depth_anything_node.py -> /home/li/depth_ws/install/depth_anything_ros/lib/python3.10/site-packages/depth_anything_ros
[0.907s] creating /home/li/depth_ws/install/depth_anything_ros/lib/python3.10/site-packages/depth_anything_v2
[0.907s] copying /home/li/depth_ws/build/depth_anything_ros/build/lib/depth_anything_v2/__init__.py -> /home/li/depth_ws/install/depth_anything_ros/lib/python3.10/site-packages/depth_anything_v2
[0.907s] creating /home/li/depth_ws/install/depth_anything_ros/lib/python3.10/site-packages/depth_anything_v2/dinov2_layers
[0.907s] copying /home/li/depth_ws/build/depth_anything_ros/build/lib/depth_anything_v2/dinov2_layers/__init__.py -> /home/li/depth_ws/install/depth_anything_ros/lib/python3.10/site-packages/depth_anything_v2/dinov2_layers
[0.907s] copying /home/li/depth_ws/build/depth_anything_ros/build/lib/depth_anything_v2/dinov2_layers/patch_embed.py -> /home/li/depth_ws/install/depth_anything_ros/lib/python3.10/site-packages/depth_anything_v2/dinov2_layers
[0.907s] copying /home/li/depth_ws/build/depth_anything_ros/build/lib/depth_anything_v2/dinov2_layers/swiglu_ffn.py -> /home/li/depth_ws/install/depth_anything_ros/lib/python3.10/site-packages/depth_anything_v2/dinov2_layers
[0.907s] copying /home/li/depth_ws/build/depth_anything_ros/build/lib/depth_anything_v2/dinov2_layers/layer_scale.py -> /home/li/depth_ws/install/depth_anything_ros/lib/python3.10/site-packages/depth_anything_v2/dinov2_layers
[0.907s] copying /home/li/depth_ws/build/depth_anything_ros/build/lib/depth_anything_v2/dinov2_layers/drop_path.py -> /home/li/depth_ws/install/depth_anything_ros/lib/python3.10/site-packages/depth_anything_v2/dinov2_layers
[0.907s] copying /home/li/depth_ws/build/depth_anything_ros/build/lib/depth_anything_v2/dinov2_layers/block.py -> /home/li/depth_ws/install/depth_anything_ros/lib/python3.10/site-packages/depth_anything_v2/dinov2_layers
[0.907s] copying /home/li/depth_ws/build/depth_anything_ros/build/lib/depth_anything_v2/dinov2_layers/mlp.py -> /home/li/depth_ws/install/depth_anything_ros/lib/python3.10/site-packages/depth_anything_v2/dinov2_layers
[0.908s] copying /home/li/depth_ws/build/depth_anything_ros/build/lib/depth_anything_v2/dinov2_layers/attention.py -> /home/li/depth_ws/install/depth_anything_ros/lib/python3.10/site-packages/depth_anything_v2/dinov2_layers
[0.908s] copying /home/li/depth_ws/build/depth_anything_ros/build/lib/depth_anything_v2/dpt.py -> /home/li/depth_ws/install/depth_anything_ros/lib/python3.10/site-packages/depth_anything_v2
[0.908s] copying /home/li/depth_ws/build/depth_anything_ros/build/lib/depth_anything_v2/dinov2.py -> /home/li/depth_ws/install/depth_anything_ros/lib/python3.10/site-packages/depth_anything_v2
[0.908s] byte-compiling /home/li/depth_ws/install/depth_anything_ros/lib/python3.10/site-packages/depth_anything_ros/__init__.py to __init__.cpython-310.pyc
[0.908s] byte-compiling /home/li/depth_ws/install/depth_anything_ros/lib/python3.10/site-packages/depth_anything_ros/depth_anything_node.py to depth_anything_node.cpython-310.pyc
[0.909s] byte-compiling /home/li/depth_ws/install/depth_anything_ros/lib/python3.10/site-packages/depth_anything_v2/__init__.py to __init__.cpython-310.pyc
[0.909s] byte-compiling /home/li/depth_ws/install/depth_anything_ros/lib/python3.10/site-packages/depth_anything_v2/dinov2_layers/__init__.py to __init__.cpython-310.pyc
[0.909s] byte-compiling /home/li/depth_ws/install/depth_anything_ros/lib/python3.10/site-packages/depth_anything_v2/dinov2_layers/patch_embed.py to patch_embed.cpython-310.pyc
[0.909s] byte-compiling /home/li/depth_ws/install/depth_anything_ros/lib/python3.10/site-packages/depth_anything_v2/dinov2_layers/swiglu_ffn.py to swiglu_ffn.cpython-310.pyc
[0.910s] byte-compiling /home/li/depth_ws/install/depth_anything_ros/lib/python3.10/site-packages/depth_anything_v2/dinov2_layers/layer_scale.py to layer_scale.cpython-310.pyc
[0.910s] byte-compiling /home/li/depth_ws/install/depth_anything_ros/lib/python3.10/site-packages/depth_anything_v2/dinov2_layers/drop_path.py to drop_path.cpython-310.pyc
[0.910s] byte-compiling /home/li/depth_ws/install/depth_anything_ros/lib/python3.10/site-packages/depth_anything_v2/dinov2_layers/block.py to block.cpython-310.pyc
[0.911s] byte-compiling /home/li/depth_ws/install/depth_anything_ros/lib/python3.10/site-packages/depth_anything_v2/dinov2_layers/mlp.py to mlp.cpython-310.pyc
[0.911s] byte-compiling /home/li/depth_ws/install/depth_anything_ros/lib/python3.10/site-packages/depth_anything_v2/dinov2_layers/attention.py to attention.cpython-310.pyc
[0.912s] byte-compiling /home/li/depth_ws/install/depth_anything_ros/lib/python3.10/site-packages/depth_anything_v2/dpt.py to dpt.cpython-310.pyc
[0.913s] byte-compiling /home/li/depth_ws/install/depth_anything_ros/lib/python3.10/site-packages/depth_anything_v2/dinov2.py to dinov2.cpython-310.pyc
[0.914s] running install_data
[0.914s] copying resource/depth_anything_ros -> /home/li/depth_ws/install/depth_anything_ros/share/ament_index/resource_index/packages
[0.914s] copying package.xml -> /home/li/depth_ws/install/depth_anything_ros/share/depth_anything_ros
[0.914s] copying launch/depth.launch.py -> /home/li/depth_ws/install/depth_anything_ros/share/depth_anything_ros/launch
[0.914s] running install_egg_info
[0.916s] Copying ../../build/depth_anything_ros/depth_anything_ros.egg-info to /home/li/depth_ws/install/depth_anything_ros/lib/python3.10/site-packages/depth_anything_ros-0.0.0-py3.10.egg-info
[0.916s] running install_scripts
[0.929s] Installing depth_anything_node script to /home/li/depth_ws/install/depth_anything_ros/lib/depth_anything_ros
[0.929s] writing list of installed files to '/home/li/depth_ws/build/depth_anything_ros/install.log'
[0.947s] Invoked command in '/home/li/depth_ws/src/depth_anything_ros' returned '0': PYTHONPATH=/home/li/depth_ws/build/depth_anything_ros/prefix_override:/usr/lib/python3/dist-packages/colcon_core/task/python/colcon_distutils_commands:/home/li/depth_ws/install/depth_anything_ros/lib/python3.10/site-packages:${PYTHONPATH} /usr/bin/python3 -W ignore:setup.py install is deprecated -W ignore:easy_install command is deprecated setup.py egg_info --egg-base ../../build/depth_anything_ros build --build-base /home/li/depth_ws/build/depth_anything_ros/build install --record /home/li/depth_ws/build/depth_anything_ros/install.log --single-version-externally-managed install_data --force
