[0.329s] Invoking command in '/home/li/depth_ws/build/depth_anything_ros': PYTHONPATH=/home/li/depth_ws/build/depth_anything_ros/prefix_override:/usr/lib/python3/dist-packages/colcon_core/task/python/colcon_distutils_commands:/home/li/depth_ws/install/depth_anything_ros/lib/python3.10/site-packages:${PYTHONPATH} /usr/bin/python3 -W ignore:setup.py install is deprecated -W ignore:easy_install command is deprecated setup.py develop --editable --build-directory /home/li/depth_ws/build/depth_anything_ros/build --no-deps symlink_data --force
[0.474s] running develop
[0.550s] running egg_info
[0.550s] writing depth_anything_ros.egg-info/PKG-INFO
[0.550s] writing dependency_links to depth_anything_ros.egg-info/dependency_links.txt
[0.550s] writing entry points to depth_anything_ros.egg-info/entry_points.txt
[0.550s] writing requirements to depth_anything_ros.egg-info/requires.txt
[0.550s] writing top-level names to depth_anything_ros.egg-info/top_level.txt
[0.551s] reading manifest file 'depth_anything_ros.egg-info/SOURCES.txt'
[0.551s] writing manifest file 'depth_anything_ros.egg-info/SOURCES.txt'
[0.552s] running build_ext
[0.553s] Creating /home/li/depth_ws/install/depth_anything_ros/lib/python3.10/site-packages/depth-anything-ros.egg-link (link to .)
[0.553s] Installing depth_anything_node script to /home/li/depth_ws/install/depth_anything_ros/lib/depth_anything_ros
[0.553s] 
[0.553s] Installed /home/li/depth_ws/build/depth_anything_ros
[0.553s] running symlink_data
[0.553s] symbolically linking /home/li/depth_ws/build/depth_anything_ros/resource/depth_anything_ros -> /home/li/depth_ws/install/depth_anything_ros/share/ament_index/resource_index/packages
[0.553s] symbolically linking /home/li/depth_ws/build/depth_anything_ros/package.xml -> /home/li/depth_ws/install/depth_anything_ros/share/depth_anything_ros
[0.553s] symbolically linking /home/li/depth_ws/build/depth_anything_ros/launch/depth.launch.py -> /home/li/depth_ws/install/depth_anything_ros/share/depth_anything_ros/launch
[0.569s] Invoked command in '/home/li/depth_ws/build/depth_anything_ros' returned '0': PYTHONPATH=/home/li/depth_ws/build/depth_anything_ros/prefix_override:/usr/lib/python3/dist-packages/colcon_core/task/python/colcon_distutils_commands:/home/li/depth_ws/install/depth_anything_ros/lib/python3.10/site-packages:${PYTHONPATH} /usr/bin/python3 -W ignore:setup.py install is deprecated -W ignore:easy_install command is deprecated setup.py develop --editable --build-directory /home/li/depth_ws/build/depth_anything_ros/build --no-deps symlink_data --force
