/home/li/depth_ws/install/depth_anything_v2_ros2/lib/python3.10/site-packages/depth_anything_v2_ros2/__init__.py
/home/li/depth_ws/install/depth_anything_v2_ros2/lib/python3.10/site-packages/depth_anything_v2_ros2/depth_anything_v2_ros2.py
/home/li/depth_ws/install/depth_anything_v2_ros2/lib/python3.10/site-packages/depth_anything_v2_ros2/__pycache__/__init__.cpython-310.pyc
/home/li/depth_ws/install/depth_anything_v2_ros2/lib/python3.10/site-packages/depth_anything_v2_ros2/__pycache__/depth_anything_v2_ros2.cpython-310.pyc
/home/li/depth_ws/install/depth_anything_v2_ros2/share/ament_index/resource_index/packages/depth_anything_v2_ros2
/home/li/depth_ws/install/depth_anything_v2_ros2/lib/depth_anything_v2_ros2/depth_anything_v2/depth_anything_v2
/home/li/depth_ws/install/depth_anything_v2_ros2/lib/depth_anything_v2_ros2/depth_anything_v2/depth_anything_v2/dinov2_layers
/home/li/depth_ws/install/depth_anything_v2_ros2/lib/depth_anything_v2_ros2/depth_anything_v2/depth_anything_v2/util
/home/li/depth_ws/install/depth_anything_v2_ros2/share/depth_anything_v2_ros2/package.xml
/home/li/depth_ws/install/depth_anything_v2_ros2/share/depth_anything_v2_ros2/launch/default.launch.py
/home/li/depth_ws/install/depth_anything_v2_ros2/share/depth_anything_v2_ros2/models
/home/li/depth_ws/install/depth_anything_v2_ros2/share/depth_anything_v2_ros2/config/params.yaml
/home/li/depth_ws/install/depth_anything_v2_ros2/lib/python3.10/site-packages/depth_anything_v2_ros2-1.0.0-py3.10.egg-info/dependency_links.txt
/home/li/depth_ws/install/depth_anything_v2_ros2/lib/python3.10/site-packages/depth_anything_v2_ros2-1.0.0-py3.10.egg-info/requires.txt
/home/li/depth_ws/install/depth_anything_v2_ros2/lib/python3.10/site-packages/depth_anything_v2_ros2-1.0.0-py3.10.egg-info/top_level.txt
/home/li/depth_ws/install/depth_anything_v2_ros2/lib/python3.10/site-packages/depth_anything_v2_ros2-1.0.0-py3.10.egg-info/entry_points.txt
/home/li/depth_ws/install/depth_anything_v2_ros2/lib/python3.10/site-packages/depth_anything_v2_ros2-1.0.0-py3.10.egg-info/SOURCES.txt
/home/li/depth_ws/install/depth_anything_v2_ros2/lib/python3.10/site-packages/depth_anything_v2_ros2-1.0.0-py3.10.egg-info/PKG-INFO
/home/li/depth_ws/install/depth_anything_v2_ros2/lib/python3.10/site-packages/depth_anything_v2_ros2-1.0.0-py3.10.egg-info/zip-safe
/home/li/depth_ws/install/depth_anything_v2_ros2/lib/depth_anything_v2_ros2/depth_anything_v2_ros2
