[0.494s] Invoking command in '/home/li/depth_ws/src/depth_anything_ros': PYTHONPATH=/home/li/depth_ws/build/depth_anything_ros/prefix_override:/usr/lib/python3/dist-packages/colcon_core/task/python/colcon_distutils_commands:/home/li/depth_ws/install/depth_anything_ros/lib/python3.10/site-packages:${PYTHONPATH} /usr/bin/python3 -W ignore:setup.py install is deprecated -W ignore:easy_install command is deprecated setup.py egg_info --egg-base ../../build/depth_anything_ros build --build-base /home/li/depth_ws/build/depth_anything_ros/build install --record /home/li/depth_ws/build/depth_anything_ros/install.log --single-version-externally-managed install_data
[0.623s] running egg_info
[0.623s] writing ../../build/depth_anything_ros/depth_anything_ros.egg-info/PKG-INFO
[0.625s] writing dependency_links to ../../build/depth_anything_ros/depth_anything_ros.egg-info/dependency_links.txt
[0.625s] writing entry points to ../../build/depth_anything_ros/depth_anything_ros.egg-info/entry_points.txt
[0.625s] writing requirements to ../../build/depth_anything_ros/depth_anything_ros.egg-info/requires.txt
[0.625s] writing top-level names to ../../build/depth_anything_ros/depth_anything_ros.egg-info/top_level.txt
[0.627s] reading manifest file '../../build/depth_anything_ros/depth_anything_ros.egg-info/SOURCES.txt'
[0.627s] writing manifest file '../../build/depth_anything_ros/depth_anything_ros.egg-info/SOURCES.txt'
[0.627s] running build
[0.627s] running build_py
[0.630s] running install
[0.630s] running install_lib
[0.631s] running install_data
[0.632s] copying launch/depth.launch.py -> /home/li/depth_ws/install/depth_anything_ros/share/depth_anything_ros/launch
[0.632s] running install_egg_info
[0.633s] removing '/home/li/depth_ws/install/depth_anything_ros/lib/python3.10/site-packages/depth_anything_ros-0.0.0-py3.10.egg-info' (and everything under it)
[0.633s] Copying ../../build/depth_anything_ros/depth_anything_ros.egg-info to /home/li/depth_ws/install/depth_anything_ros/lib/python3.10/site-packages/depth_anything_ros-0.0.0-py3.10.egg-info
[0.634s] running install_scripts
[0.646s] Installing depth_anything_node script to /home/li/depth_ws/install/depth_anything_ros/lib/depth_anything_ros
[0.647s] writing list of installed files to '/home/li/depth_ws/build/depth_anything_ros/install.log'
[0.669s] Invoked command in '/home/li/depth_ws/src/depth_anything_ros' returned '0': PYTHONPATH=/home/li/depth_ws/build/depth_anything_ros/prefix_override:/usr/lib/python3/dist-packages/colcon_core/task/python/colcon_distutils_commands:/home/li/depth_ws/install/depth_anything_ros/lib/python3.10/site-packages:${PYTHONPATH} /usr/bin/python3 -W ignore:setup.py install is deprecated -W ignore:easy_install command is deprecated setup.py egg_info --egg-base ../../build/depth_anything_ros build --build-base /home/li/depth_ws/build/depth_anything_ros/build install --record /home/li/depth_ws/build/depth_anything_ros/install.log --single-version-externally-managed install_data
