[0.681s] Invoking command in '/home/li/depth_ws/build/depth_anything_v2_ros2': PS1=(depth_venv) \[\e]0;\u@\h: \w\a\]${debian_chroot:+($debian_chroot)}\[\033[01;32m\]\u@\h\[\033[00m\]:\[\033[01;34m\]\w\[\033[00m\]\$ PYTHONPATH=/home/li/depth_ws/build/depth_anything_v2_ros2/prefix_override:/usr/lib/python3/dist-packages/colcon_core/task/python/colcon_distutils_commands:/home/li/depth_ws/install/depth_anything_v2_ros2/lib/python3.10/site-packages:${PYTHONPATH} /usr/bin/python3 -W ignore:setup.py install is deprecated -W ignore:easy_install command is deprecated setup.py develop --editable --build-directory /home/li/depth_ws/build/depth_anything_v2_ros2/build --no-deps symlink_data
[0.841s] running develop
[0.924s] running egg_info
[0.924s] creating depth_anything_v2_ros2.egg-info
[0.924s] writing depth_anything_v2_ros2.egg-info/PKG-INFO
[0.924s] writing dependency_links to depth_anything_v2_ros2.egg-info/dependency_links.txt
[0.924s] writing entry points to depth_anything_v2_ros2.egg-info/entry_points.txt
[0.924s] writing requirements to depth_anything_v2_ros2.egg-info/requires.txt
[0.924s] writing top-level names to depth_anything_v2_ros2.egg-info/top_level.txt
[0.925s] writing manifest file 'depth_anything_v2_ros2.egg-info/SOURCES.txt'
[0.926s] reading manifest file 'depth_anything_v2_ros2.egg-info/SOURCES.txt'
[0.926s] writing manifest file 'depth_anything_v2_ros2.egg-info/SOURCES.txt'
[0.927s] running build_ext
[0.927s] Creating /home/li/depth_ws/install/depth_anything_v2_ros2/lib/python3.10/site-packages/depth-anything-v2-ros2.egg-link (link to .)
[0.927s] Installing depth_anything_v2_ros2 script to /home/li/depth_ws/install/depth_anything_v2_ros2/lib/depth_anything_v2_ros2
[0.927s] 
[0.927s] Installed /home/li/depth_ws/build/depth_anything_v2_ros2
[0.927s] running symlink_data
[0.927s] creating /home/li/depth_ws/install/depth_anything_v2_ros2/share/ament_index
[0.928s] creating /home/li/depth_ws/install/depth_anything_v2_ros2/share/ament_index/resource_index
[0.928s] creating /home/li/depth_ws/install/depth_anything_v2_ros2/share/ament_index/resource_index/packages
[0.928s] symbolically linking /home/li/depth_ws/build/depth_anything_v2_ros2/resource/depth_anything_v2_ros2 -> /home/li/depth_ws/install/depth_anything_v2_ros2/share/ament_index/resource_index/packages
[0.928s] creating /home/li/depth_ws/install/depth_anything_v2_ros2/lib/depth_anything_v2_ros2/depth_anything_v2
[0.928s] creating /home/li/depth_ws/install/depth_anything_v2_ros2/lib/depth_anything_v2_ros2/depth_anything_v2/depth_anything_v2
[0.928s] creating /home/li/depth_ws/install/depth_anything_v2_ros2/lib/depth_anything_v2_ros2/depth_anything_v2/depth_anything_v2/dinov2_layers
[0.928s] creating /home/li/depth_ws/install/depth_anything_v2_ros2/lib/depth_anything_v2_ros2/depth_anything_v2/depth_anything_v2/util
[0.928s] symbolically linking /home/li/depth_ws/build/depth_anything_v2_ros2/package.xml -> /home/li/depth_ws/install/depth_anything_v2_ros2/share/depth_anything_v2_ros2
[0.928s] creating /home/li/depth_ws/install/depth_anything_v2_ros2/share/depth_anything_v2_ros2/launch
[0.928s] symbolically linking /home/li/depth_ws/build/depth_anything_v2_ros2/launch/default.launch.py -> /home/li/depth_ws/install/depth_anything_v2_ros2/share/depth_anything_v2_ros2/launch
[0.928s] creating /home/li/depth_ws/install/depth_anything_v2_ros2/share/depth_anything_v2_ros2/models
[0.928s] creating /home/li/depth_ws/install/depth_anything_v2_ros2/share/depth_anything_v2_ros2/config
[0.928s] symbolically linking /home/li/depth_ws/build/depth_anything_v2_ros2/config/params.yaml -> /home/li/depth_ws/install/depth_anything_v2_ros2/share/depth_anything_v2_ros2/config
[0.944s] Invoked command in '/home/li/depth_ws/build/depth_anything_v2_ros2' returned '0': PS1=(depth_venv) \[\e]0;\u@\h: \w\a\]${debian_chroot:+($debian_chroot)}\[\033[01;32m\]\u@\h\[\033[00m\]:\[\033[01;34m\]\w\[\033[00m\]\$ PYTHONPATH=/home/li/depth_ws/build/depth_anything_v2_ros2/prefix_override:/usr/lib/python3/dist-packages/colcon_core/task/python/colcon_distutils_commands:/home/li/depth_ws/install/depth_anything_v2_ros2/lib/python3.10/site-packages:${PYTHONPATH} /usr/bin/python3 -W ignore:setup.py install is deprecated -W ignore:easy_install command is deprecated setup.py develop --editable --build-directory /home/li/depth_ws/build/depth_anything_v2_ros2/build --no-deps symlink_data
