[0.071s] DEBUG:colcon:Command line arguments: ['/usr/bin/colcon', 'build']
[0.071s] DEBUG:colcon:Parsed command line arguments: Namespace(log_base=None, log_level=None, verb_name='build', build_base='build', install_base='install', merge_install=False, symlink_install=False, test_result_base=None, continue_on_error=False, executor='parallel', parallel_workers=12, event_handlers=None, ignore_user_meta=False, metas=['./colcon.meta'], base_paths=['.'], packages_ignore=None, packages_ignore_regex=None, paths=None, packages_up_to=None, packages_up_to_regex=None, packages_above=None, packages_above_and_dependencies=None, packages_above_depth=None, packages_select_by_dep=None, packages_skip_by_dep=None, packages_skip_up_to=None, packages_select_build_failed=False, packages_skip_build_finished=False, packages_select_test_failures=False, packages_skip_test_passed=False, packages_select=None, packages_skip=None, packages_select_regex=None, packages_skip_regex=None, packages_start=None, packages_end=None, allow_overriding=[], cmake_args=None, cmake_target=None, cmake_target_skip_unavailable=False, cmake_clean_cache=False, cmake_clean_first=False, cmake_force_configure=False, ament_cmake_args=None, catkin_cmake_args=None, catkin_skip_building_tests=False, mixin_files=None, mixin=None, verb_parser=<colcon_mixin.mixin.mixin_argument.MixinArgumentDecorator object at 0x7912b2c5ebc0>, verb_extension=<colcon_core.verb.build.BuildVerb object at 0x7912b2d6bb80>, main=<bound method BuildVerb.main of <colcon_core.verb.build.BuildVerb object at 0x7912b2d6bb80>>, mixin_verb=('build',))
[0.207s] Level 1:colcon.colcon_core.package_discovery:discover_packages(colcon_meta) check parameters
[0.207s] Level 1:colcon.colcon_core.package_discovery:discover_packages(recursive) check parameters
[0.207s] Level 1:colcon.colcon_core.package_discovery:discover_packages(ignore) check parameters
[0.207s] Level 1:colcon.colcon_core.package_discovery:discover_packages(path) check parameters
[0.207s] Level 1:colcon.colcon_core.package_discovery:discover_packages(colcon_meta) discover
[0.207s] Level 1:colcon.colcon_core.package_discovery:discover_packages(recursive) discover
[0.207s] INFO:colcon.colcon_core.package_discovery:Crawling recursively for packages in '/home/li/depth_ws'
[0.207s] Level 1:colcon.colcon_core.package_identification:_identify(.) by extensions ['ignore', 'ignore_ament_install']
[0.207s] Level 1:colcon.colcon_core.package_identification:_identify(.) by extension 'ignore'
[0.207s] Level 1:colcon.colcon_core.package_identification:_identify(.) by extension 'ignore_ament_install'
[0.207s] Level 1:colcon.colcon_core.package_identification:_identify(.) by extensions ['colcon_pkg']
[0.207s] Level 1:colcon.colcon_core.package_identification:_identify(.) by extension 'colcon_pkg'
[0.207s] Level 1:colcon.colcon_core.package_identification:_identify(.) by extensions ['colcon_meta']
[0.207s] Level 1:colcon.colcon_core.package_identification:_identify(.) by extension 'colcon_meta'
[0.207s] Level 1:colcon.colcon_core.package_identification:_identify(.) by extensions ['ros']
[0.207s] Level 1:colcon.colcon_core.package_identification:_identify(.) by extension 'ros'
[0.213s] Level 1:colcon.colcon_core.package_identification:_identify(.) by extensions ['cmake', 'python']
[0.213s] Level 1:colcon.colcon_core.package_identification:_identify(.) by extension 'cmake'
[0.213s] Level 1:colcon.colcon_core.package_identification:_identify(.) by extension 'python'
[0.213s] Level 1:colcon.colcon_core.package_identification:_identify(.) by extensions ['python_setup_py']
[0.213s] Level 1:colcon.colcon_core.package_identification:_identify(.) by extension 'python_setup_py'
[0.213s] Level 1:colcon.colcon_core.package_identification:_identify(build) by extensions ['ignore', 'ignore_ament_install']
[0.213s] Level 1:colcon.colcon_core.package_identification:_identify(build) by extension 'ignore'
[0.213s] Level 1:colcon.colcon_core.package_identification:_identify(build) ignored
[0.214s] Level 1:colcon.colcon_core.package_identification:_identify(install) by extensions ['ignore', 'ignore_ament_install']
[0.214s] Level 1:colcon.colcon_core.package_identification:_identify(install) by extension 'ignore'
[0.214s] Level 1:colcon.colcon_core.package_identification:_identify(install) ignored
[0.214s] Level 1:colcon.colcon_core.package_identification:_identify(log) by extensions ['ignore', 'ignore_ament_install']
[0.214s] Level 1:colcon.colcon_core.package_identification:_identify(log) by extension 'ignore'
[0.214s] Level 1:colcon.colcon_core.package_identification:_identify(log) ignored
[0.214s] Level 1:colcon.colcon_core.package_identification:_identify(src) by extensions ['ignore', 'ignore_ament_install']
[0.214s] Level 1:colcon.colcon_core.package_identification:_identify(src) by extension 'ignore'
[0.214s] Level 1:colcon.colcon_core.package_identification:_identify(src) by extension 'ignore_ament_install'
[0.214s] Level 1:colcon.colcon_core.package_identification:_identify(src) by extensions ['colcon_pkg']
[0.214s] Level 1:colcon.colcon_core.package_identification:_identify(src) by extension 'colcon_pkg'
[0.214s] Level 1:colcon.colcon_core.package_identification:_identify(src) by extensions ['colcon_meta']
[0.214s] Level 1:colcon.colcon_core.package_identification:_identify(src) by extension 'colcon_meta'
[0.214s] Level 1:colcon.colcon_core.package_identification:_identify(src) by extensions ['ros']
[0.214s] Level 1:colcon.colcon_core.package_identification:_identify(src) by extension 'ros'
[0.214s] Level 1:colcon.colcon_core.package_identification:_identify(src) by extensions ['cmake', 'python']
[0.214s] Level 1:colcon.colcon_core.package_identification:_identify(src) by extension 'cmake'
[0.214s] Level 1:colcon.colcon_core.package_identification:_identify(src) by extension 'python'
[0.214s] Level 1:colcon.colcon_core.package_identification:_identify(src) by extensions ['python_setup_py']
[0.214s] Level 1:colcon.colcon_core.package_identification:_identify(src) by extension 'python_setup_py'
[0.214s] Level 1:colcon.colcon_core.package_identification:_identify(src/depth_anything_ros) by extensions ['ignore', 'ignore_ament_install']
[0.214s] Level 1:colcon.colcon_core.package_identification:_identify(src/depth_anything_ros) by extension 'ignore'
[0.214s] Level 1:colcon.colcon_core.package_identification:_identify(src/depth_anything_ros) by extension 'ignore_ament_install'
[0.214s] Level 1:colcon.colcon_core.package_identification:_identify(src/depth_anything_ros) by extensions ['colcon_pkg']
[0.214s] Level 1:colcon.colcon_core.package_identification:_identify(src/depth_anything_ros) by extension 'colcon_pkg'
[0.214s] Level 1:colcon.colcon_core.package_identification:_identify(src/depth_anything_ros) by extensions ['colcon_meta']
[0.214s] Level 1:colcon.colcon_core.package_identification:_identify(src/depth_anything_ros) by extension 'colcon_meta'
[0.214s] Level 1:colcon.colcon_core.package_identification:_identify(src/depth_anything_ros) by extensions ['ros']
[0.214s] Level 1:colcon.colcon_core.package_identification:_identify(src/depth_anything_ros) by extension 'ros'
[0.216s] DEBUG:colcon.colcon_core.package_identification:Package 'src/depth_anything_ros' with type 'ros.ament_python' and name 'depth_anything_ros'
[0.216s] Level 1:colcon.colcon_core.package_identification:_identify(src/depth_anything_v2_ros2) by extensions ['ignore', 'ignore_ament_install']
[0.216s] Level 1:colcon.colcon_core.package_identification:_identify(src/depth_anything_v2_ros2) by extension 'ignore'
[0.216s] Level 1:colcon.colcon_core.package_identification:_identify(src/depth_anything_v2_ros2) by extension 'ignore_ament_install'
[0.216s] Level 1:colcon.colcon_core.package_identification:_identify(src/depth_anything_v2_ros2) by extensions ['colcon_pkg']
[0.216s] Level 1:colcon.colcon_core.package_identification:_identify(src/depth_anything_v2_ros2) by extension 'colcon_pkg'
[0.216s] Level 1:colcon.colcon_core.package_identification:_identify(src/depth_anything_v2_ros2) by extensions ['colcon_meta']
[0.216s] Level 1:colcon.colcon_core.package_identification:_identify(src/depth_anything_v2_ros2) by extension 'colcon_meta'
[0.216s] Level 1:colcon.colcon_core.package_identification:_identify(src/depth_anything_v2_ros2) by extensions ['ros']
[0.216s] Level 1:colcon.colcon_core.package_identification:_identify(src/depth_anything_v2_ros2) by extension 'ros'
[0.217s] DEBUG:colcon.colcon_core.package_identification:Package 'src/depth_anything_v2_ros2' with type 'ros.ament_python' and name 'depth_anything_v2_ros2'
[0.217s] Level 1:colcon.colcon_core.package_discovery:discover_packages(recursive) using defaults
[0.217s] Level 1:colcon.colcon_core.package_discovery:discover_packages(ignore) discover
[0.217s] Level 1:colcon.colcon_core.package_discovery:discover_packages(ignore) using defaults
[0.217s] Level 1:colcon.colcon_core.package_discovery:discover_packages(path) discover
[0.217s] Level 1:colcon.colcon_core.package_discovery:discover_packages(path) using defaults
[0.238s] Level 1:colcon.colcon_core.package_discovery:discover_packages(prefix_path) check parameters
[0.238s] Level 1:colcon.colcon_core.package_discovery:discover_packages(prefix_path) discover
[0.239s] DEBUG:colcon.colcon_installed_package_information.package_discovery:Found 2 installed packages in /home/li/depth_ws/install
[0.240s] DEBUG:colcon.colcon_installed_package_information.package_discovery:Found 283 installed packages in /opt/ros/humble
[0.241s] Level 1:colcon.colcon_core.package_discovery:discover_packages(prefix_path) using defaults
[0.260s] Level 5:colcon.colcon_core.verb:set package 'depth_anything_ros' build argument 'cmake_args' from command line to 'None'
[0.260s] Level 5:colcon.colcon_core.verb:set package 'depth_anything_ros' build argument 'cmake_target' from command line to 'None'
[0.260s] Level 5:colcon.colcon_core.verb:set package 'depth_anything_ros' build argument 'cmake_target_skip_unavailable' from command line to 'False'
[0.260s] Level 5:colcon.colcon_core.verb:set package 'depth_anything_ros' build argument 'cmake_clean_cache' from command line to 'False'
[0.261s] Level 5:colcon.colcon_core.verb:set package 'depth_anything_ros' build argument 'cmake_clean_first' from command line to 'False'
[0.261s] Level 5:colcon.colcon_core.verb:set package 'depth_anything_ros' build argument 'cmake_force_configure' from command line to 'False'
[0.261s] Level 5:colcon.colcon_core.verb:set package 'depth_anything_ros' build argument 'ament_cmake_args' from command line to 'None'
[0.261s] Level 5:colcon.colcon_core.verb:set package 'depth_anything_ros' build argument 'catkin_cmake_args' from command line to 'None'
[0.261s] Level 5:colcon.colcon_core.verb:set package 'depth_anything_ros' build argument 'catkin_skip_building_tests' from command line to 'False'
[0.261s] DEBUG:colcon.colcon_core.verb:Building package 'depth_anything_ros' with the following arguments: {'ament_cmake_args': None, 'build_base': '/home/li/depth_ws/build/depth_anything_ros', 'catkin_cmake_args': None, 'catkin_skip_building_tests': False, 'cmake_args': None, 'cmake_clean_cache': False, 'cmake_clean_first': False, 'cmake_force_configure': False, 'cmake_target': None, 'cmake_target_skip_unavailable': False, 'install_base': '/home/li/depth_ws/install/depth_anything_ros', 'merge_install': False, 'path': '/home/li/depth_ws/src/depth_anything_ros', 'symlink_install': False, 'test_result_base': None}
[0.261s] Level 5:colcon.colcon_core.verb:set package 'depth_anything_v2_ros2' build argument 'cmake_args' from command line to 'None'
[0.261s] Level 5:colcon.colcon_core.verb:set package 'depth_anything_v2_ros2' build argument 'cmake_target' from command line to 'None'
[0.261s] Level 5:colcon.colcon_core.verb:set package 'depth_anything_v2_ros2' build argument 'cmake_target_skip_unavailable' from command line to 'False'
[0.261s] Level 5:colcon.colcon_core.verb:set package 'depth_anything_v2_ros2' build argument 'cmake_clean_cache' from command line to 'False'
[0.261s] Level 5:colcon.colcon_core.verb:set package 'depth_anything_v2_ros2' build argument 'cmake_clean_first' from command line to 'False'
[0.261s] Level 5:colcon.colcon_core.verb:set package 'depth_anything_v2_ros2' build argument 'cmake_force_configure' from command line to 'False'
[0.261s] Level 5:colcon.colcon_core.verb:set package 'depth_anything_v2_ros2' build argument 'ament_cmake_args' from command line to 'None'
[0.261s] Level 5:colcon.colcon_core.verb:set package 'depth_anything_v2_ros2' build argument 'catkin_cmake_args' from command line to 'None'
[0.261s] Level 5:colcon.colcon_core.verb:set package 'depth_anything_v2_ros2' build argument 'catkin_skip_building_tests' from command line to 'False'
[0.261s] DEBUG:colcon.colcon_core.verb:Building package 'depth_anything_v2_ros2' with the following arguments: {'ament_cmake_args': None, 'build_base': '/home/li/depth_ws/build/depth_anything_v2_ros2', 'catkin_cmake_args': None, 'catkin_skip_building_tests': False, 'cmake_args': None, 'cmake_clean_cache': False, 'cmake_clean_first': False, 'cmake_force_configure': False, 'cmake_target': None, 'cmake_target_skip_unavailable': False, 'install_base': '/home/li/depth_ws/install/depth_anything_v2_ros2', 'merge_install': False, 'path': '/home/li/depth_ws/src/depth_anything_v2_ros2', 'symlink_install': False, 'test_result_base': None}
[0.261s] INFO:colcon.colcon_core.executor:Executing jobs using 'parallel' executor
[0.262s] DEBUG:colcon.colcon_parallel_executor.executor.parallel:run_until_complete
[0.262s] INFO:colcon.colcon_ros.task.ament_python.build:Building ROS package in '/home/li/depth_ws/src/depth_anything_ros' with build type 'ament_python'
[0.262s] Level 1:colcon.colcon_core.shell:create_environment_hook('depth_anything_ros', 'ament_prefix_path')
[0.263s] INFO:colcon.colcon_core.plugin_system:Skipping extension 'colcon_core.shell.bat': Not used on non-Windows systems
[0.263s] INFO:colcon.colcon_core.shell:Creating environment hook '/home/li/depth_ws/install/depth_anything_ros/share/depth_anything_ros/hook/ament_prefix_path.ps1'
[0.264s] INFO:colcon.colcon_core.shell:Creating environment descriptor '/home/li/depth_ws/install/depth_anything_ros/share/depth_anything_ros/hook/ament_prefix_path.dsv'
[0.264s] INFO:colcon.colcon_core.shell:Creating environment hook '/home/li/depth_ws/install/depth_anything_ros/share/depth_anything_ros/hook/ament_prefix_path.sh'
[0.265s] INFO:colcon.colcon_core.shell:Skip shell extension 'powershell' for command environment: Not usable outside of PowerShell
[0.265s] DEBUG:colcon.colcon_core.shell:Skip shell extension 'dsv' for command environment
[0.266s] INFO:colcon.colcon_ros.task.ament_python.build:Building ROS package in '/home/li/depth_ws/src/depth_anything_v2_ros2' with build type 'ament_python'
[0.266s] Level 1:colcon.colcon_core.shell:create_environment_hook('depth_anything_v2_ros2', 'ament_prefix_path')
[0.267s] INFO:colcon.colcon_core.shell:Creating environment hook '/home/li/depth_ws/install/depth_anything_v2_ros2/share/depth_anything_v2_ros2/hook/ament_prefix_path.ps1'
[0.267s] INFO:colcon.colcon_core.shell:Creating environment descriptor '/home/li/depth_ws/install/depth_anything_v2_ros2/share/depth_anything_v2_ros2/hook/ament_prefix_path.dsv'
[0.267s] INFO:colcon.colcon_core.shell:Creating environment hook '/home/li/depth_ws/install/depth_anything_v2_ros2/share/depth_anything_v2_ros2/hook/ament_prefix_path.sh'
[0.267s] INFO:colcon.colcon_core.shell:Skip shell extension 'powershell' for command environment: Not usable outside of PowerShell
[0.267s] DEBUG:colcon.colcon_core.shell:Skip shell extension 'dsv' for command environment
[0.416s] INFO:colcon.colcon_core.task.python.build:Building Python package in '/home/li/depth_ws/src/depth_anything_ros'
[0.416s] INFO:colcon.colcon_core.shell:Skip shell extension 'powershell' for command environment: Not usable outside of PowerShell
[0.416s] DEBUG:colcon.colcon_core.shell:Skip shell extension 'dsv' for command environment
[0.563s] INFO:colcon.colcon_core.task.python.build:Building Python package in '/home/li/depth_ws/src/depth_anything_v2_ros2'
[0.563s] INFO:colcon.colcon_core.shell:Skip shell extension 'powershell' for command environment: Not usable outside of PowerShell
[0.563s] DEBUG:colcon.colcon_core.shell:Skip shell extension 'dsv' for command environment
[0.774s] DEBUG:colcon.colcon_core.event_handler.log_command:Invoking command in '/home/li/depth_ws/build/depth_anything_v2_ros2': PYTHONPATH=/home/li/depth_ws/build/depth_anything_v2_ros2/prefix_override:/usr/lib/python3/dist-packages/colcon_core/task/python/colcon_distutils_commands:/home/li/depth_ws/install/depth_anything_v2_ros2/lib/python3.10/site-packages:${PYTHONPATH} /usr/bin/python3 -W ignore:setup.py install is deprecated -W ignore:easy_install command is deprecated setup.py develop --uninstall --editable --build-directory /home/li/depth_ws/build/depth_anything_v2_ros2/build
[0.776s] DEBUG:colcon.colcon_core.event_handler.log_command:Invoking command in '/home/li/depth_ws/build/depth_anything_ros': PYTHONPATH=/home/li/depth_ws/build/depth_anything_ros/prefix_override:/usr/lib/python3/dist-packages/colcon_core/task/python/colcon_distutils_commands:/home/li/depth_ws/install/depth_anything_ros/lib/python3.10/site-packages:${PYTHONPATH} /usr/bin/python3 -W ignore:setup.py install is deprecated -W ignore:easy_install command is deprecated setup.py develop --uninstall --editable --build-directory /home/li/depth_ws/build/depth_anything_ros/build
[1.025s] DEBUG:colcon.colcon_core.event_handler.log_command:Invoked command in '/home/li/depth_ws/build/depth_anything_v2_ros2' returned '0': PYTHONPATH=/home/li/depth_ws/build/depth_anything_v2_ros2/prefix_override:/usr/lib/python3/dist-packages/colcon_core/task/python/colcon_distutils_commands:/home/li/depth_ws/install/depth_anything_v2_ros2/lib/python3.10/site-packages:${PYTHONPATH} /usr/bin/python3 -W ignore:setup.py install is deprecated -W ignore:easy_install command is deprecated setup.py develop --uninstall --editable --build-directory /home/li/depth_ws/build/depth_anything_v2_ros2/build
[1.026s] DEBUG:colcon.colcon_core.event_handler.log_command:Invoking command in '/home/li/depth_ws/src/depth_anything_v2_ros2': PYTHONPATH=/home/li/depth_ws/build/depth_anything_v2_ros2/prefix_override:/usr/lib/python3/dist-packages/colcon_core/task/python/colcon_distutils_commands:/home/li/depth_ws/install/depth_anything_v2_ros2/lib/python3.10/site-packages:${PYTHONPATH} /usr/bin/python3 -W ignore:setup.py install is deprecated -W ignore:easy_install command is deprecated setup.py egg_info --egg-base ../../build/depth_anything_v2_ros2 build --build-base /home/li/depth_ws/build/depth_anything_v2_ros2/build install --record /home/li/depth_ws/build/depth_anything_v2_ros2/install.log --single-version-externally-managed install_data --force
[1.027s] DEBUG:colcon.colcon_core.event_handler.log_command:Invoked command in '/home/li/depth_ws/build/depth_anything_ros' returned '0': PYTHONPATH=/home/li/depth_ws/build/depth_anything_ros/prefix_override:/usr/lib/python3/dist-packages/colcon_core/task/python/colcon_distutils_commands:/home/li/depth_ws/install/depth_anything_ros/lib/python3.10/site-packages:${PYTHONPATH} /usr/bin/python3 -W ignore:setup.py install is deprecated -W ignore:easy_install command is deprecated setup.py develop --uninstall --editable --build-directory /home/li/depth_ws/build/depth_anything_ros/build
[1.028s] DEBUG:colcon.colcon_core.event_handler.log_command:Invoking command in '/home/li/depth_ws/src/depth_anything_ros': PYTHONPATH=/home/li/depth_ws/build/depth_anything_ros/prefix_override:/usr/lib/python3/dist-packages/colcon_core/task/python/colcon_distutils_commands:/home/li/depth_ws/install/depth_anything_ros/lib/python3.10/site-packages:${PYTHONPATH} /usr/bin/python3 -W ignore:setup.py install is deprecated -W ignore:easy_install command is deprecated setup.py egg_info --egg-base ../../build/depth_anything_ros build --build-base /home/li/depth_ws/build/depth_anything_ros/build install --record /home/li/depth_ws/build/depth_anything_ros/install.log --single-version-externally-managed install_data --force
[1.201s] DEBUG:colcon.colcon_core.event_handler.log_command:Invoked command in '/home/li/depth_ws/src/depth_anything_v2_ros2' returned '0': PYTHONPATH=/home/li/depth_ws/build/depth_anything_v2_ros2/prefix_override:/usr/lib/python3/dist-packages/colcon_core/task/python/colcon_distutils_commands:/home/li/depth_ws/install/depth_anything_v2_ros2/lib/python3.10/site-packages:${PYTHONPATH} /usr/bin/python3 -W ignore:setup.py install is deprecated -W ignore:easy_install command is deprecated setup.py egg_info --egg-base ../../build/depth_anything_v2_ros2 build --build-base /home/li/depth_ws/build/depth_anything_v2_ros2/build install --record /home/li/depth_ws/build/depth_anything_v2_ros2/install.log --single-version-externally-managed install_data --force
[1.203s] Level 1:colcon.colcon_core.environment:checking '/home/li/depth_ws/install/depth_anything_v2_ros2' for CMake module files
[1.204s] Level 1:colcon.colcon_core.environment:checking '/home/li/depth_ws/install/depth_anything_v2_ros2' for CMake config files
[1.204s] Level 1:colcon.colcon_core.environment:checking '/home/li/depth_ws/install/depth_anything_v2_ros2/lib'
[1.204s] Level 1:colcon.colcon_core.environment:checking '/home/li/depth_ws/install/depth_anything_v2_ros2/bin'
[1.204s] Level 1:colcon.colcon_core.environment:checking '/home/li/depth_ws/install/depth_anything_v2_ros2/lib/pkgconfig/depth_anything_v2_ros2.pc'
[1.205s] Level 1:colcon.colcon_core.environment:checking '/home/li/depth_ws/install/depth_anything_v2_ros2/lib/python3.10/site-packages'
[1.205s] Level 1:colcon.colcon_core.shell:create_environment_hook('depth_anything_v2_ros2', 'pythonpath')
[1.205s] INFO:colcon.colcon_core.shell:Creating environment hook '/home/li/depth_ws/install/depth_anything_v2_ros2/share/depth_anything_v2_ros2/hook/pythonpath.ps1'
[1.205s] INFO:colcon.colcon_core.shell:Creating environment descriptor '/home/li/depth_ws/install/depth_anything_v2_ros2/share/depth_anything_v2_ros2/hook/pythonpath.dsv'
[1.205s] INFO:colcon.colcon_core.shell:Creating environment hook '/home/li/depth_ws/install/depth_anything_v2_ros2/share/depth_anything_v2_ros2/hook/pythonpath.sh'
[1.206s] Level 1:colcon.colcon_core.environment:checking '/home/li/depth_ws/install/depth_anything_v2_ros2/bin'
[1.206s] Level 1:colcon.colcon_core.environment:create_environment_scripts_only(depth_anything_v2_ros2)
[1.206s] INFO:colcon.colcon_core.shell:Creating package script '/home/li/depth_ws/install/depth_anything_v2_ros2/share/depth_anything_v2_ros2/package.ps1'
[1.206s] INFO:colcon.colcon_core.shell:Creating package descriptor '/home/li/depth_ws/install/depth_anything_v2_ros2/share/depth_anything_v2_ros2/package.dsv'
[1.207s] INFO:colcon.colcon_core.shell:Creating package script '/home/li/depth_ws/install/depth_anything_v2_ros2/share/depth_anything_v2_ros2/package.sh'
[1.207s] INFO:colcon.colcon_core.shell:Creating package script '/home/li/depth_ws/install/depth_anything_v2_ros2/share/depth_anything_v2_ros2/package.bash'
[1.208s] INFO:colcon.colcon_core.shell:Creating package script '/home/li/depth_ws/install/depth_anything_v2_ros2/share/depth_anything_v2_ros2/package.zsh'
[1.208s] Level 1:colcon.colcon_core.environment:create_file_with_runtime_dependencies(/home/li/depth_ws/install/depth_anything_v2_ros2/share/colcon-core/packages/depth_anything_v2_ros2)
[1.209s] Level 1:colcon.colcon_core.environment:checking '/home/li/depth_ws/install/depth_anything_ros' for CMake module files
[1.209s] DEBUG:colcon.colcon_core.event_handler.log_command:Invoked command in '/home/li/depth_ws/src/depth_anything_ros' returned '0': PYTHONPATH=/home/li/depth_ws/build/depth_anything_ros/prefix_override:/usr/lib/python3/dist-packages/colcon_core/task/python/colcon_distutils_commands:/home/li/depth_ws/install/depth_anything_ros/lib/python3.10/site-packages:${PYTHONPATH} /usr/bin/python3 -W ignore:setup.py install is deprecated -W ignore:easy_install command is deprecated setup.py egg_info --egg-base ../../build/depth_anything_ros build --build-base /home/li/depth_ws/build/depth_anything_ros/build install --record /home/li/depth_ws/build/depth_anything_ros/install.log --single-version-externally-managed install_data --force
[1.210s] Level 1:colcon.colcon_core.environment:checking '/home/li/depth_ws/install/depth_anything_ros' for CMake config files
[1.210s] Level 1:colcon.colcon_core.environment:checking '/home/li/depth_ws/install/depth_anything_ros/lib'
[1.210s] Level 1:colcon.colcon_core.environment:checking '/home/li/depth_ws/install/depth_anything_ros/bin'
[1.210s] Level 1:colcon.colcon_core.environment:checking '/home/li/depth_ws/install/depth_anything_ros/lib/pkgconfig/depth_anything_ros.pc'
[1.210s] Level 1:colcon.colcon_core.environment:checking '/home/li/depth_ws/install/depth_anything_ros/lib/python3.10/site-packages'
[1.210s] Level 1:colcon.colcon_core.shell:create_environment_hook('depth_anything_ros', 'pythonpath')
[1.210s] INFO:colcon.colcon_core.shell:Creating environment hook '/home/li/depth_ws/install/depth_anything_ros/share/depth_anything_ros/hook/pythonpath.ps1'
[1.210s] INFO:colcon.colcon_core.shell:Creating environment descriptor '/home/li/depth_ws/install/depth_anything_ros/share/depth_anything_ros/hook/pythonpath.dsv'
[1.211s] INFO:colcon.colcon_core.shell:Creating environment hook '/home/li/depth_ws/install/depth_anything_ros/share/depth_anything_ros/hook/pythonpath.sh'
[1.211s] Level 1:colcon.colcon_core.environment:checking '/home/li/depth_ws/install/depth_anything_ros/bin'
[1.211s] Level 1:colcon.colcon_core.environment:create_environment_scripts_only(depth_anything_ros)
[1.211s] INFO:colcon.colcon_core.shell:Creating package script '/home/li/depth_ws/install/depth_anything_ros/share/depth_anything_ros/package.ps1'
[1.211s] INFO:colcon.colcon_core.shell:Creating package descriptor '/home/li/depth_ws/install/depth_anything_ros/share/depth_anything_ros/package.dsv'
[1.212s] INFO:colcon.colcon_core.shell:Creating package script '/home/li/depth_ws/install/depth_anything_ros/share/depth_anything_ros/package.sh'
[1.212s] INFO:colcon.colcon_core.shell:Creating package script '/home/li/depth_ws/install/depth_anything_ros/share/depth_anything_ros/package.bash'
[1.212s] INFO:colcon.colcon_core.shell:Creating package script '/home/li/depth_ws/install/depth_anything_ros/share/depth_anything_ros/package.zsh'
[1.212s] Level 1:colcon.colcon_core.environment:create_file_with_runtime_dependencies(/home/li/depth_ws/install/depth_anything_ros/share/colcon-core/packages/depth_anything_ros)
[1.212s] DEBUG:colcon.colcon_parallel_executor.executor.parallel:closing loop
[1.212s] DEBUG:colcon.colcon_parallel_executor.executor.parallel:loop closed
[1.212s] DEBUG:colcon.colcon_parallel_executor.executor.parallel:run_until_complete finished with '0'
[1.212s] DEBUG:colcon.colcon_core.event_reactor:joining thread
[1.216s] INFO:colcon.colcon_core.plugin_system:Skipping extension 'colcon_notification.desktop_notification.terminal_notifier': Not used on non-Darwin systems
[1.216s] INFO:colcon.colcon_core.plugin_system:Skipping extension 'colcon_notification.desktop_notification.win32': Not used on non-Windows systems
[1.216s] INFO:colcon.colcon_notification.desktop_notification:Sending desktop notification using 'notify2'
[1.228s] DEBUG:colcon.colcon_core.event_reactor:joined thread
[1.228s] INFO:colcon.colcon_core.shell:Creating prefix script '/home/li/depth_ws/install/local_setup.ps1'
[1.229s] INFO:colcon.colcon_core.shell:Creating prefix util module '/home/li/depth_ws/install/_local_setup_util_ps1.py'
[1.230s] INFO:colcon.colcon_core.shell:Creating prefix chain script '/home/li/depth_ws/install/setup.ps1'
[1.231s] INFO:colcon.colcon_core.shell:Creating prefix script '/home/li/depth_ws/install/local_setup.sh'
[1.231s] INFO:colcon.colcon_core.shell:Creating prefix util module '/home/li/depth_ws/install/_local_setup_util_sh.py'
[1.232s] INFO:colcon.colcon_core.shell:Creating prefix chain script '/home/li/depth_ws/install/setup.sh'
[1.232s] INFO:colcon.colcon_core.shell:Creating prefix script '/home/li/depth_ws/install/local_setup.bash'
[1.233s] INFO:colcon.colcon_core.shell:Creating prefix chain script '/home/li/depth_ws/install/setup.bash'
[1.233s] INFO:colcon.colcon_core.shell:Creating prefix script '/home/li/depth_ws/install/local_setup.zsh'
[1.234s] INFO:colcon.colcon_core.shell:Creating prefix chain script '/home/li/depth_ws/install/setup.zsh'
